0 info it worked if it ends with ok
1 verbose cli [ '/Users/jonathan/.nvm/versions/node/v6.9.1/bin/node',
1 verbose cli   '/Users/jonathan/.nvm/versions/node/v6.9.1/bin/npm',
1 verbose cli   'install',
1 verbose cli   '--save',
1 verbose cli   'react-dom/lib/ReactReconciler' ]
2 info using npm@3.10.8
3 info using node@v6.9.1
4 silly loadCurrentTree Starting
5 silly install loadCurrentTree
6 silly install readLocalPackageData
7 silly fetchPackageMetaData react-dom/lib/ReactReconciler
8 silly fetchOtherPackageData react-dom/lib/ReactReconciler
9 silly cache add args [ 'react-dom/lib/ReactReconciler', null ]
10 verbose cache add spec react-dom/lib/ReactReconciler
11 silly cache add parsed spec Result {
11 silly cache add   raw: 'react-dom/lib/ReactReconciler',
11 silly cache add   scope: null,
11 silly cache add   escapedName: null,
11 silly cache add   name: null,
11 silly cache add   rawSpec: 'react-dom/lib/ReactReconciler',
11 silly cache add   spec: '/Users/jonathan/Sites/marketshare-pixel/react-dom/lib/ReactReconciler',
11 silly cache add   type: 'local' }
12 error addLocal Could not install /Users/jonathan/Sites/marketshare-pixel/react-dom/lib/ReactReconciler
13 silly fetchPackageMetaData Error: ENOENT: no such file or directory, open '/Users/jonathan/Sites/marketshare-pixel/react-dom/lib/ReactReconciler'
13 silly fetchPackageMetaData     at Error (native)
13 silly fetchPackageMetaData  error for react-dom/lib/ReactReconciler { Error: ENOENT: no such file or directory, open '/Users/jonathan/Sites/marketshare-pixel/react-dom/lib/ReactReconciler'
13 silly fetchPackageMetaData     at Error (native)
13 silly fetchPackageMetaData   errno: -2,
13 silly fetchPackageMetaData   code: 'ENOENT',
13 silly fetchPackageMetaData   syscall: 'open',
13 silly fetchPackageMetaData   path: '/Users/jonathan/Sites/marketshare-pixel/react-dom/lib/ReactReconciler' }
14 silly rollbackFailedOptional Starting
15 silly rollbackFailedOptional Finishing
16 silly runTopLevelLifecycles Finishing
17 silly install printInstalled
18 verbose stack Error: ENOENT: no such file or directory, open '/Users/jonathan/Sites/marketshare-pixel/react-dom/lib/ReactReconciler'
18 verbose stack     at Error (native)
19 verbose cwd /Users/jonathan/Sites/marketshare-pixel
20 error Darwin 16.7.0
21 error argv "/Users/jonathan/.nvm/versions/node/v6.9.1/bin/node" "/Users/jonathan/.nvm/versions/node/v6.9.1/bin/npm" "install" "--save" "react-dom/lib/ReactReconciler"
22 error node v6.9.1
23 error npm  v3.10.8
24 error path /Users/jonathan/Sites/marketshare-pixel/react-dom/lib/ReactReconciler
25 error code ENOENT
26 error errno -2
27 error syscall open
28 error enoent ENOENT: no such file or directory, open '/Users/jonathan/Sites/marketshare-pixel/react-dom/lib/ReactReconciler'
29 error enoent ENOENT: no such file or directory, open '/Users/jonathan/Sites/marketshare-pixel/react-dom/lib/ReactReconciler'
29 error enoent This is most likely not a problem with npm itself
29 error enoent and is related to npm not being able to find a file.
30 verbose exit [ -2, true ]
